[debug] [2022-09-02T19:33:03.880Z] ----------------------------------------------------------------------
[debug] [2022-09-02T19:33:03.883Z] Command:       /usr/local/bin/node /usr/local/bin/firebase init hosting
[debug] [2022-09-02T19:33:03.883Z] CLI Version:   11.5.0
[debug] [2022-09-02T19:33:03.884Z] Platform:      linux
[debug] [2022-09-02T19:33:03.884Z] Node Version:  v16.14.2
[debug] [2022-09-02T19:33:03.951Z] Time:          Sat Sep 03 2022 01:03:03 GMT+0530 (India Standard Time)
[debug] [2022-09-02T19:33:03.952Z] ----------------------------------------------------------------------
[debug] 
[debug] [2022-09-02T19:33:03.955Z] >>> [apiv2][query] GET https://firebase-public.firebaseio.com/cli.json [none]
[debug] [2022-09-02T19:33:03.975Z] > command requires scopes: ["email","openid","https://www.googleapis.com/auth/cloudplatformprojects.readonly","https://www.googleapis.com/auth/firebase","https://www.googleapis.com/auth/cloud-platform"]
[debug] [2022-09-02T19:33:03.976Z] > authorizing via signed-in user (architjain1082002@gmail.com)
[info] 
     ######## #### ########  ######## ########     ###     ######  ########
     ##        ##  ##     ## ##       ##     ##  ##   ##  ##       ##
     ######    ##  ########  ######   ########  #########  ######  ######
     ##        ##  ##    ##  ##       ##     ## ##     ##       ## ##
     ##       #### ##     ## ######## ########  ##     ##  ######  ########

You're about to initialize a Firebase project in this directory:

  /home/archit/Git/WebDevelopment/netflix-clone

[info] 
=== Project Setup
[info] 
[info] First, let's associate this project directory with a Firebase project.
[info] You can create multiple project aliases by running firebase use --add, 
[info] but for now we'll just set up a default project.
[info] 
[debug] [2022-09-02T19:33:04.957Z] <<< [apiv2][status] GET https://firebase-public.firebaseio.com/cli.json 200
[debug] [2022-09-02T19:33:04.958Z] <<< [apiv2][body] GET https://firebase-public.firebaseio.com/cli.json {"cloudBuildErrorAfter":1594252800000,"cloudBuildWarnAfter":1590019200000,"defaultNode10After":1594252800000,"minVersion":"3.0.5","node8DeploysDisabledAfter":1613390400000,"node8RuntimeDisabledAfter":1615809600000,"node8WarnAfter":1600128000000}
[debug] [2022-09-02T19:33:29.080Z] > refreshing access token with scopes: []
[debug] [2022-09-02T19:33:29.082Z] >>> [apiv2][query] POST https://www.googleapis.com/oauth2/v3/token [none]
[debug] [2022-09-02T19:33:29.082Z] >>> [apiv2][body] POST https://www.googleapis.com/oauth2/v3/token [omitted]
[debug] [2022-09-02T19:33:29.481Z] <<< [apiv2][status] POST https://www.googleapis.com/oauth2/v3/token 200
[debug] [2022-09-02T19:33:29.481Z] <<< [apiv2][body] POST https://www.googleapis.com/oauth2/v3/token [omitted]
[debug] [2022-09-02T19:33:29.557Z] >>> [apiv2][query] GET https://firebase.googleapis.com/v1beta1/projects pageSize=100
[debug] [2022-09-02T19:33:30.383Z] <<< [apiv2][status] GET https://firebase.googleapis.com/v1beta1/projects 200
[debug] [2022-09-02T19:33:30.384Z] <<< [apiv2][body] GET https://firebase.googleapis.com/v1beta1/projects [omitted]
[info] i  Using project netflix-clone-768a4 (netflix-clone) 
[info] 
=== Hosting Setup
[info] 
[info] Your public directory is the folder (relative to your project directory) that
[info] will contain Hosting assets to be uploaded with firebase deploy. If you
[info] have a build process for your assets, use your build's output directory.
[info] 
[debug] [2022-09-02T19:33:57.276Z] >>> [apiv2][query] GET https://www.gstatic.com/firebasejs/releases.json [none]
[debug] [2022-09-02T19:33:57.776Z] <<< [apiv2][status] GET https://www.gstatic.com/firebasejs/releases.json 200
[debug] [2022-09-02T19:33:57.777Z] <<< [apiv2][body] GET https://www.gstatic.com/firebasejs/releases.json {"current":{"version":"9.9.4","browserURL":"https://www.gstatic.com/firebasejs/9.9.4/firebase.js","packageURL":"https://www.gstatic.com/firebasejs/9.9.4/firebase.tgz"},"live":{"version":"9.9","browserURL":"https://www.gstatic.com/firebasejs/live/9.9/firebase.js","packageURL":"https://www.gstatic.com/firebasejs/live/9.9/firebase.tgz"},"components":{"analytics":"https://www.gstatic.com/firebasejs/9.9.4/firebase-analytics.js","app":"https://www.gstatic.com/firebasejs/9.9.4/firebase-app.js","app-check":"https://www.gstatic.com/firebasejs/9.9.4/firebase-app-check.js","auth":"https://www.gstatic.com/firebasejs/9.9.4/firebase-auth.js","auth/cordova":"https://www.gstatic.com/firebasejs/9.9.4/firebase-auth/cordova.js","auth/react-native":"https://www.gstatic.com/firebasejs/9.9.4/firebase-auth/react-native.js","functions":"https://www.gstatic.com/firebasejs/9.9.4/firebase-functions.js","firestore":"https://www.gstatic.com/firebasejs/9.9.4/firebase-firestore.js","firestore/lite":"https://www.gstatic.com/firebasejs/9.9.4/firebase-firestore/lite.js","installations":"https://www.gstatic.com/firebasejs/9.9.4/firebase-installations.js","storage":"https://www.gstatic.com/firebasejs/9.9.4/firebase-storage.js","performance":"https://www.gstatic.com/firebasejs/9.9.4/firebase-performance.js","remote-config":"https://www.gstatic.com/firebasejs/9.9.4/firebase-remote-config.js","messaging":"https://www.gstatic.com/firebasejs/9.9.4/firebase-messaging.js","messaging/sw":"https://www.gstatic.com/firebasejs/9.9.4/firebase-messaging/sw.js","database":"https://www.gstatic.com/firebasejs/9.9.4/firebase-database.js","firestore.memory":"https://www.gstatic.com/firebasejs/9.9.4/firebase-firestore.memory.js"}}
[info] i  Skipping write of public/index.html 
[info] 
[info] i  Detected a .git folder at /home/archit/Git/WebDevelopment 
[info] i  Authorizing with GitHub to upload your service account to a GitHub repository's secrets store. 
[info] 
[info] Visit this URL on this device to log in:
[info] https://github.com/login/oauth/authorize?client_id=89cf50f02ac6aaed3484&state=480112270&redirect_uri=http%3A%2F%2Flocalhost%3A9005&scope=read%3Auser%20repo%20public_repo
[info] 
[info] Waiting for authentication...
[debug] [2022-09-02T19:34:38.853Z] >>> [apiv2][query] POST https://github.com/login/oauth/access_token [none]
[debug] [2022-09-02T19:34:38.854Z] >>> [apiv2][body] POST https://github.com/login/oauth/access_token [stream]
[debug] [2022-09-02T19:34:39.560Z] <<< [apiv2][status] POST https://github.com/login/oauth/access_token 200
[debug] [2022-09-02T19:34:39.561Z] <<< [apiv2][body] POST https://github.com/login/oauth/access_token {"access_token":"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","token_type":"bearer","scope":"read:user,repo"}
[debug] [2022-09-02T19:34:39.649Z] >>> [apiv2][query] GET https://api.github.com/user [none]
[debug] [2022-09-02T19:34:40.306Z] <<< [apiv2][status] GET https://api.github.com/user 200
[debug] [2022-09-02T19:34:40.307Z] <<< [apiv2][body] GET https://api.github.com/user {"login":"Aj-108","id":79095838,"node_id":"MDQ6VXNlcjc5MDk1ODM4","avatar_url":"https://avatars.githubusercontent.com/u/79095838?v=4","gravatar_id":"","url":"https://api.github.com/users/Aj-108","html_url":"https://github.com/Aj-108","followers_url":"https://api.github.com/users/Aj-108/followers","following_url":"https://api.github.com/users/Aj-108/following{/other_user}","gists_url":"https://api.github.com/users/Aj-108/gists{/gist_id}","starred_url":"https://api.github.com/users/Aj-108/starred{/owner}{/repo}","subscriptions_url":"https://api.github.com/users/Aj-108/subscriptions","organizations_url":"https://api.github.com/users/Aj-108/orgs","repos_url":"https://api.github.com/users/Aj-108/repos","events_url":"https://api.github.com/users/Aj-108/events{/privacy}","received_events_url":"https://api.github.com/users/Aj-108/received_events","type":"User","site_admin":false,"name":null,"company":null,"blog":"","location":null,"email":null,"hireable":null,"bio":null,"twitter_username":null,"public_repos":8,"public_gists":0,"followers":0,"following":0,"created_at":"2021-02-15T14:07:42Z","updated_at":"2022-09-02T19:34:37Z","private_gists":0,"total_private_repos":0,"owned_private_repos":0,"disk_usage":16240,"collaborators":0,"two_factor_authentication":false,"plan":{"name":"free","space":976562499,"collaborators":0,"private_repos":10000}}
[info] 
[info] ✔  Success! Logged into GitHub as Aj-108 
[info] 
[debug] [2022-09-02T19:34:53.862Z] >>> [apiv2][query] GET https://api.github.com/repos//actions/secrets/public-key type=owner
[debug] [2022-09-02T19:34:54.404Z] <<< [apiv2][status] GET https://api.github.com/repos//actions/secrets/public-key 404
[debug] [2022-09-02T19:34:54.405Z] <<< [apiv2][body] GET https://api.github.com/repos//actions/secrets/public-key {"message":"Not Found","documentation_url":"https://docs.github.com/rest"}
